  vchambers.cpp
C:\Program Files\Microsoft Visual Studio\2022\Community\VC\Tools\MSVC\14.38.33130\include\curses.h(183,1): warning C4005: MOUSE_MOVED: изменение макроопределения
  (компиляция исходного файла "vchambers.cpp")
  C:\Program Files (x86)\Windows Kits\10\Include\10.0.22621.0\um\wincontypes.h(103,1):
  см. предыдущее определение "MOUSE_MOVED"
  
C:\Users\aceinet\source\repos\vchambers\vchambers\vchambers.cpp(93,17): warning C4305: инициализация: усечение из "double" в "float"
C:\Users\aceinet\source\repos\vchambers\vchambers\vchambers.cpp(98,27): warning C4305: инициализация: усечение из "double" в "float"
C:\Users\aceinet\source\repos\vchambers\vchambers\vchambers.cpp(474,115): warning C4267: аргумент: преобразование из "size_t" в "int"; возможна потеря данных
C:\Users\aceinet\source\repos\vchambers\vchambers\vchambers.cpp(544,68): warning C4267: аргумент: преобразование из "size_t" в "int"; возможна потеря данных
C:\Users\aceinet\source\repos\vchambers\vchambers\vchambers.cpp(545,62): warning C4267: аргумент: преобразование из "size_t" в "int"; возможна потеря данных
C:\Users\aceinet\source\repos\vchambers\vchambers\vchambers.cpp(572,40): warning C4244: инициализация: преобразование "float" в "int", возможна потеря данных
C:\Users\aceinet\source\repos\vchambers\vchambers\vchambers.cpp(573,40): warning C4244: инициализация: преобразование "float" в "int", возможна потеря данных
C:\Users\aceinet\source\repos\vchambers\vchambers\vchambers.cpp(574,72): warning C4267: аргумент: преобразование из "size_t" в "int"; возможна потеря данных
C:\Users\aceinet\source\repos\vchambers\vchambers\vchambers.cpp(575,66): warning C4267: аргумент: преобразование из "size_t" в "int"; возможна потеря данных
C:\Users\aceinet\source\repos\vchambers\vchambers\vchambers.cpp(586,1): warning C4305: +=: усечение из "double" в "float"
C:\Users\aceinet\source\repos\vchambers\vchambers\vchambers.cpp(594,31): warning C4244: инициализация: преобразование "double" в "int", возможна потеря данных
C:\Users\aceinet\source\repos\vchambers\vchambers\vchambers.cpp(595,31): warning C4244: инициализация: преобразование "double" в "int", возможна потеря данных
C:\Users\aceinet\source\repos\vchambers\vchambers\vchambers.cpp(615,94): warning C4244: аргумент: преобразование "double" в "int", возможна потеря данных
C:\Users\aceinet\source\repos\vchambers\vchambers\vchambers.cpp(615,83): warning C4244: аргумент: преобразование "double" в "int", возможна потеря данных
C:\Users\aceinet\source\repos\vchambers\vchambers\vchambers.cpp(623,68): warning C4267: аргумент: преобразование из "size_t" в "int"; возможна потеря данных
C:\Users\aceinet\source\repos\vchambers\vchambers\vchambers.cpp(624,62): warning C4267: аргумент: преобразование из "size_t" в "int"; возможна потеря данных
C:\Users\aceinet\source\repos\vchambers\vchambers\vchambers.cpp(634,64): warning C4267: аргумент: преобразование из "size_t" в "int"; возможна потеря данных
C:\Users\aceinet\source\repos\vchambers\vchambers\vchambers.cpp(635,58): warning C4267: аргумент: преобразование из "size_t" в "int"; возможна потеря данных
C:\Users\aceinet\source\repos\vchambers\vchambers\vchambers.cpp(648,58): warning C4267: аргумент: преобразование из "size_t" в "int"; возможна потеря данных
C:\Users\aceinet\source\repos\vchambers\vchambers\vchambers.cpp(649,52): warning C4267: аргумент: преобразование из "size_t" в "int"; возможна потеря данных
C:\Users\aceinet\source\repos\vchambers\vchambers\vchambers.cpp(723,36): warning C4267: аргумент: преобразование из "size_t" в "int"; возможна потеря данных
C:\Users\aceinet\source\repos\vchambers\vchambers\vchambers.cpp(725,36): warning C4267: аргумент: преобразование из "size_t" в "int"; возможна потеря данных
C:\Users\aceinet\source\repos\vchambers\vchambers\vchambers.cpp(727,36): warning C4267: аргумент: преобразование из "size_t" в "int"; возможна потеря данных
C:\Users\aceinet\source\repos\vchambers\vchambers\vchambers.cpp(731,40): warning C4267: аргумент: преобразование из "size_t" в "int"; возможна потеря данных
C:\Users\aceinet\source\repos\vchambers\vchambers\vchambers.cpp(732,40): warning C4267: аргумент: преобразование из "size_t" в "int"; возможна потеря данных
C:\Users\aceinet\source\repos\vchambers\vchambers\vchambers.cpp(737,40): warning C4267: аргумент: преобразование из "size_t" в "int"; возможна потеря данных
C:\Users\aceinet\source\repos\vchambers\vchambers\vchambers.cpp(738,40): warning C4267: аргумент: преобразование из "size_t" в "int"; возможна потеря данных
C:\Users\aceinet\source\repos\vchambers\vchambers\vchambers.cpp(751,50): warning C4244: =: преобразование "float" в "int", возможна потеря данных
C:\Users\aceinet\source\repos\vchambers\vchambers\vchambers.cpp(752,50): warning C4244: =: преобразование "float" в "int", возможна потеря данных
C:\Users\aceinet\source\repos\vchambers\vchambers\vchambers.cpp(753,78): warning C4267: аргумент: преобразование из "size_t" в "int"; возможна потеря данных
C:\Users\aceinet\source\repos\vchambers\vchambers\vchambers.cpp(754,70): warning C4267: аргумент: преобразование из "size_t" в "int"; возможна потеря данных
C:\Users\aceinet\source\repos\vchambers\vchambers\vchambers.cpp(780,59): warning C4267: аргумент: преобразование из "size_t" в "int"; возможна потеря данных
C:\Users\aceinet\source\repos\vchambers\vchambers\vchambers.cpp(816,47): warning C4244: =: преобразование "float" в "int", возможна потеря данных
C:\Users\aceinet\source\repos\vchambers\vchambers\vchambers.cpp(817,47): warning C4244: =: преобразование "float" в "int", возможна потеря данных
C:\Users\aceinet\source\repos\vchambers\vchambers\vchambers.cpp(818,65): warning C4267: аргумент: преобразование из "size_t" в "int"; возможна потеря данных
C:\Users\aceinet\source\repos\vchambers\vchambers\vchambers.cpp(819,60): warning C4267: аргумент: преобразование из "size_t" в "int"; возможна потеря данных
C:\Users\aceinet\source\repos\vchambers\vchambers\vchambers.cpp(829,1): warning C4305: +=: усечение из "double" в "float"
C:\Users\aceinet\source\repos\vchambers\vchambers\vchambers.cpp(888,1): warning C4305: +=: усечение из "double" в "float"
C:\Users\aceinet\source\repos\vchambers\vchambers\vchambers.cpp(920,44): warning C4267: аргумент: преобразование из "size_t" в "int"; возможна потеря данных
C:\Users\aceinet\source\repos\vchambers\vchambers\vchambers.cpp(921,44): warning C4267: аргумент: преобразование из "size_t" в "int"; возможна потеря данных
C:\Users\aceinet\source\repos\vchambers\vchambers\vchambers.cpp(929,44): warning C4267: аргумент: преобразование из "size_t" в "int"; возможна потеря данных
C:\Users\aceinet\source\repos\vchambers\vchambers\vchambers.cpp(930,44): warning C4267: аргумент: преобразование из "size_t" в "int"; возможна потеря данных
C:\Users\aceinet\source\repos\vchambers\vchambers\vchambers.cpp(941,69): warning C4267: аргумент: преобразование из "size_t" в "int"; возможна потеря данных
C:\Users\aceinet\source\repos\vchambers\vchambers\vchambers.cpp(944,71): warning C4267: аргумент: преобразование из "size_t" в "int"; возможна потеря данных
C:\Users\aceinet\source\repos\vchambers\vchambers\vchambers.cpp(947,71): warning C4267: аргумент: преобразование из "size_t" в "int"; возможна потеря данных
C:\Users\aceinet\source\repos\vchambers\vchambers\vchambers.cpp(950,72): warning C4267: аргумент: преобразование из "size_t" в "int"; возможна потеря данных
C:\Users\aceinet\source\repos\vchambers\vchambers\vchambers.cpp(1090,33): warning C4244: -=: преобразование "double" в "int", возможна потеря данных
C:\Users\aceinet\source\repos\vchambers\vchambers\vchambers.cpp(1099,77): warning C4267: аргумент: преобразование из "size_t" в "int"; возможна потеря данных
C:\Users\aceinet\source\repos\vchambers\vchambers\vchambers.cpp(1113,32): warning C4244: инициализация: преобразование "float" в "int", возможна потеря данных
C:\Users\aceinet\source\repos\vchambers\vchambers\vchambers.cpp(1114,32): warning C4244: инициализация: преобразование "float" в "int", возможна потеря данных
C:\Users\aceinet\source\repos\vchambers\vchambers\vchambers.cpp(1120,1): warning C4305: +=: усечение из "double" в "float"
C:\Users\aceinet\source\repos\vchambers\vchambers\vchambers.cpp(1122,1): warning C4305: +=: усечение из "double" в "float"
LINK : warning LNK4098: библиотека по умолчанию "LIBCMT" конфликтует с использованием других библиотек; используйте /NODEFAULTLIB:library
  Создание кода
  0 of 2105 functions ( 0.0%) were compiled, the rest were copied from previous compilation.
    0 functions were new in current compilation
    0 functions had inline decision re-evaluated but remain unchanged
  Создание кода завершено
  vchambers.vcxproj -> C:\Users\aceinet\source\repos\vchambers\x64\Release\vchambers.exe
